build/app/intermediates/manifest_merge_blame_file/debug/processDebugMainManifest/manifest-merger-blame-debug-report.txt
1<?xml version="1.0" encoding="utf-8"?>
2<manifest xmlns:android="http://schemas.android.com/apk/res/android"
3    package="com.f2df.mcsofttech"
4    android:versionCode="87"
5    android:versionName="8.0.7" >
6
7    <uses-sdk
8        android:minSdkVersion="21"
9        android:targetSdkVersion="35" />
10    <!--
11         The INTERNET permission is required for development. Specifically,
12         the Flutter tool needs it to communicate with the running application
13         to allow setting breakpoints, to provide hot reload, etc.
14    -->
15    <uses-permission android:name="android.permission.INTERNET" />
15-->src/main/AndroidManifest.xml:7:5-66
15-->src/main/AndroidManifest.xml:7:22-64
16    <uses-permission android:name="android.permission.CAMERA" />
16-->src/main/AndroidManifest.xml:3:5-64
16-->src/main/AndroidManifest.xml:3:22-62
17    <uses-permission android:name="android.permission.WRITE_EXTERNAL_STORAGE" />
17-->src/main/AndroidManifest.xml:4:5-80
17-->src/main/AndroidManifest.xml:4:22-78
18    <uses-permission android:name="android.permission.READ_MEDIA_VISUAL_USER_SELECTED" />
18-->src/main/AndroidManifest.xml:5:5-89
18-->src/main/AndroidManifest.xml:5:22-87
19    <uses-permission android:name="android.permission.ACCESS_NETWORK_STATE" />
19-->src/main/AndroidManifest.xml:8:5-79
19-->src/main/AndroidManifest.xml:8:22-76
20    <uses-permission android:name="android.permission.ACCESS_FINE_LOCATION" />
20-->src/main/AndroidManifest.xml:9:5-79
20-->src/main/AndroidManifest.xml:9:22-76
21    <uses-permission android:name="android.permission.ACCESS_COARSE_LOCATION" />
21-->src/main/AndroidManifest.xml:10:5-81
21-->src/main/AndroidManifest.xml:10:22-78
22    <uses-permission android:name="com.google.android.gms.permission.AD_ID" />
22-->src/main/AndroidManifest.xml:11:5-78
22-->src/main/AndroidManifest.xml:11:22-76
23    <uses-permission android:name="android.permission.WAKE_LOCK" /> <!-- Permissions options for the `notification` group -->
23-->[:firebase_messaging] AndroidManifest.xml:8:5-68
23-->[:firebase_messaging] AndroidManifest.xml:8:22-65
24    <uses-permission android:name="android.permission.POST_NOTIFICATIONS" />
24-->[:firebase_messaging] AndroidManifest.xml:11:5-77
24-->[:firebase_messaging] AndroidManifest.xml:11:22-74
25    <uses-permission android:name="android.permission.RECEIVE_BOOT_COMPLETED" />
25-->[:flutter_local_notifications] AndroidManifest.xml:7:5-81
25-->[:flutter_local_notifications] AndroidManifest.xml:7:22-78
26    <uses-permission android:name="android.permission.VIBRATE" />
26-->[:flutter_local_notifications] AndroidManifest.xml:8:5-66
26-->[:flutter_local_notifications] AndroidManifest.xml:8:22-63
27    <uses-permission android:name="android.permission.USE_FULL_SCREEN_INTENT" />
27-->[:flutter_local_notifications] AndroidManifest.xml:9:5-81
27-->[:flutter_local_notifications] AndroidManifest.xml:9:22-78
28    <uses-permission android:name="android.permission.SCHEDULE_EXACT_ALARM" />
28-->[:flutter_local_notifications] AndroidManifest.xml:10:5-79
28-->[:flutter_local_notifications] AndroidManifest.xml:10:22-76
29
30    <queries>
30-->[:flutter_inappwebview] AndroidManifest.xml:7:5-11:15
31        <intent>
31-->[:flutter_inappwebview] AndroidManifest.xml:8:9-10:18
32            <action android:name="android.support.customtabs.action.CustomTabsService" />
32-->[:flutter_inappwebview] AndroidManifest.xml:9:13-90
32-->[:flutter_inappwebview] AndroidManifest.xml:9:21-87
33        </intent>
34
35        <package android:name="com.phonepe.app" />
35-->[phonepe.intentsdk.android.release:IntentSDK:5.2.0] AndroidManifest.xml:8:9-51
35-->[phonepe.intentsdk.android.release:IntentSDK:5.2.0] AndroidManifest.xml:8:18-48
36        <package android:name="com.phonepe.simulator" />
36-->[phonepe.intentsdk.android.release:IntentSDK:5.2.0] AndroidManifest.xml:9:9-57
36-->[phonepe.intentsdk.android.release:IntentSDK:5.2.0] AndroidManifest.xml:9:18-54
37
38        <intent>
38-->[phonepe.intentsdk.android.release:IntentSDK:5.2.0] AndroidManifest.xml:11:9-17:18
39            <action android:name="android.intent.action.VIEW" />
39-->[phonepe.intentsdk.android.release:IntentSDK:5.2.0] AndroidManifest.xml:12:13-65
39-->[phonepe.intentsdk.android.release:IntentSDK:5.2.0] AndroidManifest.xml:12:21-62
40
41            <data
41-->[phonepe.intentsdk.android.release:IntentSDK:5.2.0] AndroidManifest.xml:14:13-16:40
42                android:host="pay"
42-->[phonepe.intentsdk.android.release:IntentSDK:5.2.0] AndroidManifest.xml:15:17-35
43                android:scheme="upi" />
43-->[phonepe.intentsdk.android.release:IntentSDK:5.2.0] AndroidManifest.xml:16:17-37
44        </intent>
45        <intent>
45-->[phonepe.intentsdk.android.release:IntentSDK:5.2.0] AndroidManifest.xml:18:9-24:18
46            <action android:name="android.intent.action.VIEW" />
46-->[phonepe.intentsdk.android.release:IntentSDK:5.2.0] AndroidManifest.xml:12:13-65
46-->[phonepe.intentsdk.android.release:IntentSDK:5.2.0] AndroidManifest.xml:12:21-62
47
48            <data
48-->[phonepe.intentsdk.android.release:IntentSDK:5.2.0] AndroidManifest.xml:14:13-16:40
49                android:host="upi"
49-->[phonepe.intentsdk.android.release:IntentSDK:5.2.0] AndroidManifest.xml:15:17-35
50                android:scheme="mandate" />
50-->[phonepe.intentsdk.android.release:IntentSDK:5.2.0] AndroidManifest.xml:16:17-37
51        </intent>
52        <intent>
52-->[com.razorpay:standard-core:1.7.3] AndroidManifest.xml:11:9-17:18
53            <action android:name="android.intent.action.VIEW" />
53-->[phonepe.intentsdk.android.release:IntentSDK:5.2.0] AndroidManifest.xml:12:13-65
53-->[phonepe.intentsdk.android.release:IntentSDK:5.2.0] AndroidManifest.xml:12:21-62
54
55            <data
55-->[phonepe.intentsdk.android.release:IntentSDK:5.2.0] AndroidManifest.xml:14:13-16:40
56                android:mimeType="*/*"
57                android:scheme="*" />
57-->[phonepe.intentsdk.android.release:IntentSDK:5.2.0] AndroidManifest.xml:16:17-37
58        </intent>
59        <intent>
59-->[com.razorpay:standard-core:1.7.3] AndroidManifest.xml:18:9-27:18
60            <action android:name="android.intent.action.VIEW" />
60-->[phonepe.intentsdk.android.release:IntentSDK:5.2.0] AndroidManifest.xml:12:13-65
60-->[phonepe.intentsdk.android.release:IntentSDK:5.2.0] AndroidManifest.xml:12:21-62
61
62            <category android:name="android.intent.category.BROWSABLE" />
62-->[com.firebaseui:firebase-ui-auth:7.2.0] AndroidManifest.xml:96:17-78
62-->[com.firebaseui:firebase-ui-auth:7.2.0] AndroidManifest.xml:96:27-75
63
64            <data
64-->[phonepe.intentsdk.android.release:IntentSDK:5.2.0] AndroidManifest.xml:14:13-16:40
65                android:host="pay"
65-->[phonepe.intentsdk.android.release:IntentSDK:5.2.0] AndroidManifest.xml:15:17-35
66                android:mimeType="*/*"
67                android:scheme="upi" />
67-->[phonepe.intentsdk.android.release:IntentSDK:5.2.0] AndroidManifest.xml:16:17-37
68        </intent>
69        <intent>
69-->[com.razorpay:standard-core:1.7.3] AndroidManifest.xml:28:9-30:18
70            <action android:name="android.intent.action.MAIN" />
70-->[com.razorpay:standard-core:1.7.3] AndroidManifest.xml:29:13-65
70-->[com.razorpay:standard-core:1.7.3] AndroidManifest.xml:29:21-62
71        </intent>
72        <intent>
72-->[com.razorpay:standard-core:1.7.3] AndroidManifest.xml:31:9-35:18
73            <action android:name="android.intent.action.SEND" />
73-->[com.razorpay:standard-core:1.7.3] AndroidManifest.xml:32:13-65
73-->[com.razorpay:standard-core:1.7.3] AndroidManifest.xml:32:21-62
74
75            <data android:mimeType="*/*" />
75-->[phonepe.intentsdk.android.release:IntentSDK:5.2.0] AndroidManifest.xml:14:13-16:40
76        </intent>
77        <intent>
77-->[com.razorpay:standard-core:1.7.3] AndroidManifest.xml:36:9-38:18
78            <action android:name="rzp.device_token.share" />
78-->[com.razorpay:standard-core:1.7.3] AndroidManifest.xml:37:13-61
78-->[com.razorpay:standard-core:1.7.3] AndroidManifest.xml:37:21-58
79        </intent> <!-- For browser content -->
80        <intent>
80-->[com.google.android.gms:play-services-ads-lite:22.4.0] AndroidManifest.xml:38:9-44:18
81            <action android:name="android.intent.action.VIEW" />
81-->[phonepe.intentsdk.android.release:IntentSDK:5.2.0] AndroidManifest.xml:12:13-65
81-->[phonepe.intentsdk.android.release:IntentSDK:5.2.0] AndroidManifest.xml:12:21-62
82
83            <category android:name="android.intent.category.BROWSABLE" />
83-->[com.firebaseui:firebase-ui-auth:7.2.0] AndroidManifest.xml:96:17-78
83-->[com.firebaseui:firebase-ui-auth:7.2.0] AndroidManifest.xml:96:27-75
84
85            <data android:scheme="https" />
85-->[phonepe.intentsdk.android.release:IntentSDK:5.2.0] AndroidManifest.xml:14:13-16:40
85-->[phonepe.intentsdk.android.release:IntentSDK:5.2.0] AndroidManifest.xml:16:17-37
86        </intent>
87    </queries>
88
89    <uses-permission android:name="android.permission.CALL_PHONE" />
89-->[:flutter_phone_direct_caller] AndroidManifest.xml:7:5-69
89-->[:flutter_phone_direct_caller] AndroidManifest.xml:7:22-66
90
91    <uses-feature
91-->[:flutter_phone_direct_caller] AndroidManifest.xml:9:5-11:36
92        android:name="android.hardware.telephony"
92-->[:flutter_phone_direct_caller] AndroidManifest.xml:10:9-50
93        android:required="false" />
93-->[:flutter_phone_direct_caller] AndroidManifest.xml:11:9-33
94
95    <meta-data
95-->[phonepe.intentsdk.android.release:IntentSDK:5.2.0] AndroidManifest.xml:30:5-32:32
96        android:name="android.webkit.WebView.EnableSafeBrowsing"
96-->[phonepe.intentsdk.android.release:IntentSDK:5.2.0] AndroidManifest.xml:31:9-65
97        android:value="true" /> <!-- Required by older versions of Google Play services to create IID tokens -->
97-->[phonepe.intentsdk.android.release:IntentSDK:5.2.0] AndroidManifest.xml:32:9-29
98    <uses-permission android:name="com.google.android.c2dm.permission.RECEIVE" />
98-->[com.google.firebase:firebase-messaging:23.0.8] AndroidManifest.xml:29:5-82
98-->[com.google.firebase:firebase-messaging:23.0.8] AndroidManifest.xml:29:22-79
99
100    <uses-feature
100-->[com.google.android.gms:play-services-maps:17.0.0] AndroidManifest.xml:26:5-28:35
101        android:glEsVersion="0x00020000"
101-->[com.google.android.gms:play-services-maps:17.0.0] AndroidManifest.xml:27:9-41
102        android:required="true" />
102-->[com.google.android.gms:play-services-maps:17.0.0] AndroidManifest.xml:28:9-32
103
104    <uses-permission android:name="com.google.android.finsky.permission.BIND_GET_INSTALL_REFERRER_SERVICE" />
104-->[com.google.android.gms:play-services-measurement:21.1.1] AndroidManifest.xml:26:5-110
104-->[com.google.android.gms:play-services-measurement:21.1.1] AndroidManifest.xml:26:22-107
105    <uses-permission android:name="android.permission.ACCESS_ADSERVICES_AD_ID" />
105-->[com.google.android.gms:play-services-ads-lite:22.4.0] AndroidManifest.xml:27:5-82
105-->[com.google.android.gms:play-services-ads-lite:22.4.0] AndroidManifest.xml:27:22-79
106    <uses-permission android:name="android.permission.ACCESS_ADSERVICES_ATTRIBUTION" />
106-->[com.google.android.gms:play-services-ads-lite:22.4.0] AndroidManifest.xml:28:5-88
106-->[com.google.android.gms:play-services-ads-lite:22.4.0] AndroidManifest.xml:28:22-85
107    <uses-permission android:name="android.permission.ACCESS_ADSERVICES_TOPICS" />
107-->[com.google.android.gms:play-services-ads-lite:22.4.0] AndroidManifest.xml:29:5-83
107-->[com.google.android.gms:play-services-ads-lite:22.4.0] AndroidManifest.xml:29:22-80
108    <uses-permission android:name="android.permission.FOREGROUND_SERVICE" />
108-->[androidx.work:work-runtime:2.7.0] AndroidManifest.xml:28:5-77
108-->[androidx.work:work-runtime:2.7.0] AndroidManifest.xml:28:22-74
109
110    <permission
110-->[androidx.core:core:1.10.1] AndroidManifest.xml:22:5-24:47
111        android:name="com.f2df.mcsofttech.DYNAMIC_RECEIVER_NOT_EXPORTED_PERMISSION"
111-->[androidx.core:core:1.10.1] AndroidManifest.xml:23:9-81
112        android:protectionLevel="signature" />
112-->[androidx.core:core:1.10.1] AndroidManifest.xml:24:9-44
113
114    <uses-permission android:name="com.f2df.mcsofttech.DYNAMIC_RECEIVER_NOT_EXPORTED_PERMISSION" /> <!-- Normal permission, automatically granted on API 23+ -->
114-->[androidx.core:core:1.10.1] AndroidManifest.xml:26:5-97
114-->[androidx.core:core:1.10.1] AndroidManifest.xml:26:22-94
115    <uses-permission android:name="android.permission.READ_BASIC_PHONE_STATE" />
115-->[com.razorpay:core:1.0.3] AndroidManifest.xml:10:5-81
115-->[com.razorpay:core:1.0.3] AndroidManifest.xml:10:22-78
116
117    <application
118        android:name="android.app.Application"
119        android:allowBackup="false"
120        android:appComponentFactory="androidx.core.app.CoreComponentFactory"
120-->[androidx.core:core:1.10.1] AndroidManifest.xml:28:18-86
121        android:debuggable="true"
122        android:extractNativeLibs="true"
123        android:icon="@mipmap/ic_launcher"
124        android:label="F2df"
125        android:largeHeap="true"
126        android:theme="@style/LaunchTheme"
127        android:usesCleartextTraffic="true" >
128
129        <!-- Update this value to your google maps api key. -->
130        <meta-data
131            android:name="com.google.android.geo.API_KEY"
132            android:value="AIzaSyApNbR8IhxY0U2aZ177rYWJEmWHSXV_k-Y" />
133
134        <activity
135            android:name="com.f2df.mcsofttech.MainActivity"
136            android:allowBackup="false"
137            android:configChanges="orientation|keyboardHidden|keyboard|screenSize|smallestScreenSize|locale|layoutDirection|fontScale|screenLayout|density|uiMode"
138            android:exported="true"
139            android:hardwareAccelerated="true"
140            android:launchMode="singleTop"
141            android:windowSoftInputMode="adjustResize" >
142            <intent-filter>
143                <action android:name="FLUTTER_NOTIFICATION_CLICK" />
144
145                <category android:name="android.intent.category.DEFAULT" />
145-->[com.firebaseui:firebase-ui-auth:7.2.0] AndroidManifest.xml:95:17-76
145-->[com.firebaseui:firebase-ui-auth:7.2.0] AndroidManifest.xml:95:27-73
146            </intent-filter>
147            <intent-filter android:autoVerify="true" >
148                <action android:name="android.intent.action.VIEW" />
148-->[phonepe.intentsdk.android.release:IntentSDK:5.2.0] AndroidManifest.xml:12:13-65
148-->[phonepe.intentsdk.android.release:IntentSDK:5.2.0] AndroidManifest.xml:12:21-62
149
150                <category android:name="android.intent.category.DEFAULT" />
150-->[com.firebaseui:firebase-ui-auth:7.2.0] AndroidManifest.xml:95:17-76
150-->[com.firebaseui:firebase-ui-auth:7.2.0] AndroidManifest.xml:95:27-73
151                <category android:name="android.intent.category.BROWSABLE" />
151-->[com.firebaseui:firebase-ui-auth:7.2.0] AndroidManifest.xml:96:17-78
151-->[com.firebaseui:firebase-ui-auth:7.2.0] AndroidManifest.xml:96:27-75
152
153                <data
153-->[phonepe.intentsdk.android.release:IntentSDK:5.2.0] AndroidManifest.xml:14:13-16:40
154                    android:host="f2dfapp.page.link"
154-->[phonepe.intentsdk.android.release:IntentSDK:5.2.0] AndroidManifest.xml:15:17-35
155                    android:scheme="https" />
155-->[phonepe.intentsdk.android.release:IntentSDK:5.2.0] AndroidManifest.xml:16:17-37
156                <data
156-->[phonepe.intentsdk.android.release:IntentSDK:5.2.0] AndroidManifest.xml:14:13-16:40
157                    android:host="f2dfapp.page.link"
157-->[phonepe.intentsdk.android.release:IntentSDK:5.2.0] AndroidManifest.xml:15:17-35
158                    android:scheme="https" />
158-->[phonepe.intentsdk.android.release:IntentSDK:5.2.0] AndroidManifest.xml:16:17-37
159            </intent-filter>
160            <!--
161                 Specifies an Android theme to apply to this Activity as soon as
162                 the Android process has started. This theme is visible to the user
163                 while the Flutter UI initializes. After that, this theme continues
164                 to determine the Window background behind the Flutter UI.
165            -->
166            <meta-data
167                android:name="io.flutter.embedding.android.NormalTheme"
168                android:resource="@style/NormalTheme" />
169
170            <intent-filter>
171                <action android:name="android.intent.action.MAIN" />
171-->[com.razorpay:standard-core:1.7.3] AndroidManifest.xml:29:13-65
171-->[com.razorpay:standard-core:1.7.3] AndroidManifest.xml:29:21-62
172
173                <category android:name="android.intent.category.LAUNCHER" />
174            </intent-filter>
175        </activity>
176        <!--
177             Don't delete the meta-data below.
178             This is used by the Flutter tool to generate GeneratedPluginRegistrant.java
179        -->
180        <meta-data
181            android:name="flutterEmbedding"
182            android:value="2" />
183        <meta-data
184            android:name="com.google.android.gms.ads.APPLICATION_ID"
185            android:value="ca-app-pub-2745352869491766~2337656285" />
186        <meta-data
187            android:name="com.google.firebase.messaging.default_notification_channel_id"
188            android:value="high_importance_channel" />
189        <meta-data
190            android:name="com.phonepe.android.sdk.isUAT"
191            android:value="false" />
192        <meta-data
193            android:name="com.phonepe.android.sdk.isSimulator"
194            android:value="false" />
195        <meta-data
196            android:name="com.phonepe.android.sdk.MerchantId"
197            android:value="M220EMX87XH1T" />
198        <!-- <meta-data android:name="com.phonepe.android.sdk.AppId" android:value="appId"/> -->
199        <service
199-->[:firebase_messaging] AndroidManifest.xml:14:9-17:72
200            android:name="io.flutter.plugins.firebase.messaging.FlutterFirebaseMessagingBackgroundService"
200-->[:firebase_messaging] AndroidManifest.xml:15:13-107
201            android:exported="false"
201-->[:firebase_messaging] AndroidManifest.xml:16:13-37
202            android:permission="android.permission.BIND_JOB_SERVICE" />
202-->[:firebase_messaging] AndroidManifest.xml:17:13-69
203        <service
203-->[:firebase_messaging] AndroidManifest.xml:18:9-24:19
204            android:name="io.flutter.plugins.firebase.messaging.FlutterFirebaseMessagingService"
204-->[:firebase_messaging] AndroidManifest.xml:19:13-97
205            android:exported="false" >
205-->[:firebase_messaging] AndroidManifest.xml:20:13-37
206            <intent-filter>
206-->[:firebase_messaging] AndroidManifest.xml:21:13-23:29
207                <action android:name="com.google.firebase.MESSAGING_EVENT" />
207-->[:firebase_messaging] AndroidManifest.xml:22:17-78
207-->[:firebase_messaging] AndroidManifest.xml:22:25-75
208            </intent-filter>
209        </service>
210
211        <receiver
211-->[:firebase_messaging] AndroidManifest.xml:26:9-33:20
212            android:name="io.flutter.plugins.firebase.messaging.FlutterFirebaseMessagingReceiver"
212-->[:firebase_messaging] AndroidManifest.xml:27:13-98
213            android:exported="true"
213-->[:firebase_messaging] AndroidManifest.xml:28:13-36
214            android:permission="com.google.android.c2dm.permission.SEND" >
214-->[:firebase_messaging] AndroidManifest.xml:29:13-73
215            <intent-filter>
215-->[:firebase_messaging] AndroidManifest.xml:30:13-32:29
216                <action android:name="com.google.android.c2dm.intent.RECEIVE" />
216-->[:firebase_messaging] AndroidManifest.xml:31:17-81
216-->[:firebase_messaging] AndroidManifest.xml:31:25-78
217            </intent-filter>
218        </receiver>
219
220        <service
220-->[:firebase_messaging] AndroidManifest.xml:35:9-39:19
221            android:name="com.google.firebase.components.ComponentDiscoveryService"
221-->[:firebase_messaging] AndroidManifest.xml:35:18-89
222            android:directBootAware="true"
222-->[com.google.firebase:firebase-common:20.1.2] AndroidManifest.xml:35:13-43
223            android:exported="false" >
223-->[com.google.firebase:firebase-auth:21.0.8] AndroidManifest.xml:66:13-37
224            <meta-data
224-->[:firebase_messaging] AndroidManifest.xml:36:13-38:85
225                android:name="com.google.firebase.components:io.flutter.plugins.firebase.messaging.FlutterFirebaseAppRegistrar"
225-->[:firebase_messaging] AndroidManifest.xml:37:17-128
226                android:value="com.google.firebase.components.ComponentRegistrar" />
226-->[:firebase_messaging] AndroidManifest.xml:38:17-82
227            <meta-data
227-->[:firebase_dynamic_links] AndroidManifest.xml:11:13-13:85
228                android:name="com.google.firebase.components:io.flutter.plugins.firebase.dynamiclinks.FlutterFirebaseAppRegistrar"
228-->[:firebase_dynamic_links] AndroidManifest.xml:12:17-131
229                android:value="com.google.firebase.components.ComponentRegistrar" />
229-->[:firebase_dynamic_links] AndroidManifest.xml:13:17-82
230            <meta-data
230-->[:firebase_analytics] AndroidManifest.xml:13:13-15:85
231                android:name="com.google.firebase.components:io.flutter.plugins.firebaseanalytics.FlutterFirebaseAppRegistrar"
231-->[:firebase_analytics] AndroidManifest.xml:14:17-127
232                android:value="com.google.firebase.components.ComponentRegistrar" />
232-->[:firebase_analytics] AndroidManifest.xml:15:17-82
233            <meta-data
233-->[:firebase_auth] AndroidManifest.xml:9:13-11:85
234                android:name="com.google.firebase.components:io.flutter.plugins.firebase.auth.FlutterFirebaseAuthRegistrar"
234-->[:firebase_auth] AndroidManifest.xml:10:17-124
235                android:value="com.google.firebase.components.ComponentRegistrar" />
235-->[:firebase_auth] AndroidManifest.xml:11:17-82
236            <meta-data
236-->[:firebase_core] AndroidManifest.xml:9:13-11:85
237                android:name="com.google.firebase.components:io.flutter.plugins.firebase.core.FlutterFirebaseCoreRegistrar"
237-->[:firebase_core] AndroidManifest.xml:10:17-124
238                android:value="com.google.firebase.components.ComponentRegistrar" />
238-->[:firebase_core] AndroidManifest.xml:11:17-82
239            <meta-data
239-->[com.google.firebase:firebase-auth:21.0.8] AndroidManifest.xml:67:13-69:85
240                android:name="com.google.firebase.components:com.google.firebase.auth.FirebaseAuthRegistrar"
240-->[com.google.firebase:firebase-auth:21.0.8] AndroidManifest.xml:68:17-109
241                android:value="com.google.firebase.components.ComponentRegistrar" />
241-->[com.google.firebase:firebase-auth:21.0.8] AndroidManifest.xml:69:17-82
242            <meta-data
242-->[com.google.firebase:firebase-messaging:23.0.8] AndroidManifest.xml:56:13-58:85
243                android:name="com.google.firebase.components:com.google.firebase.messaging.FirebaseMessagingRegistrar"
243-->[com.google.firebase:firebase-messaging:23.0.8] AndroidManifest.xml:57:17-119
244                android:value="com.google.firebase.components.ComponentRegistrar" />
244-->[com.google.firebase:firebase-messaging:23.0.8] AndroidManifest.xml:58:17-82
245            <meta-data
245-->[com.google.firebase:firebase-dynamic-links:21.0.2] AndroidManifest.xml:27:13-29:85
246                android:name="com.google.firebase.components:com.google.firebase.dynamiclinks.internal.FirebaseDynamicLinkRegistrar"
246-->[com.google.firebase:firebase-dynamic-links:21.0.2] AndroidManifest.xml:28:17-133
247                android:value="com.google.firebase.components.ComponentRegistrar" />
247-->[com.google.firebase:firebase-dynamic-links:21.0.2] AndroidManifest.xml:29:17-82
248            <meta-data
248-->[com.google.firebase:firebase-datatransport:18.1.6] AndroidManifest.xml:28:13-30:85
249                android:name="com.google.firebase.components:com.google.firebase.datatransport.TransportRegistrar"
249-->[com.google.firebase:firebase-datatransport:18.1.6] AndroidManifest.xml:29:17-115
250                android:value="com.google.firebase.components.ComponentRegistrar" />
250-->[com.google.firebase:firebase-datatransport:18.1.6] AndroidManifest.xml:30:17-82
251            <meta-data
251-->[com.google.android.gms:play-services-measurement-api:21.1.1] AndroidManifest.xml:31:13-33:85
252                android:name="com.google.firebase.components:com.google.firebase.analytics.connector.internal.AnalyticsConnectorRegistrar"
252-->[com.google.android.gms:play-services-measurement-api:21.1.1] AndroidManifest.xml:32:17-139
253                android:value="com.google.firebase.components.ComponentRegistrar" />
253-->[com.google.android.gms:play-services-measurement-api:21.1.1] AndroidManifest.xml:33:17-82
254            <meta-data
254-->[com.google.firebase:firebase-installations:17.0.3] AndroidManifest.xml:18:13-20:85
255                android:name="com.google.firebase.components:com.google.firebase.installations.FirebaseInstallationsRegistrar"
255-->[com.google.firebase:firebase-installations:17.0.3] AndroidManifest.xml:19:17-127
256                android:value="com.google.firebase.components.ComponentRegistrar" />
256-->[com.google.firebase:firebase-installations:17.0.3] AndroidManifest.xml:20:17-82
257        </service>
258
259        <provider
259-->[:firebase_messaging] AndroidManifest.xml:41:9-45:38
260            android:name="io.flutter.plugins.firebase.messaging.FlutterFirebaseMessagingInitProvider"
260-->[:firebase_messaging] AndroidManifest.xml:42:13-102
261            android:authorities="com.f2df.mcsofttech.flutterfirebasemessaginginitprovider"
261-->[:firebase_messaging] AndroidManifest.xml:43:13-88
262            android:exported="false"
262-->[:firebase_messaging] AndroidManifest.xml:44:13-37
263            android:initOrder="99" />
263-->[:firebase_messaging] AndroidManifest.xml:45:13-35
264
265        <service
265-->[:geolocator_android] AndroidManifest.xml:8:9-12:56
266            android:name="com.baseflow.geolocator.GeolocatorLocationService"
266-->[:geolocator_android] AndroidManifest.xml:9:13-77
267            android:enabled="true"
267-->[:geolocator_android] AndroidManifest.xml:10:13-35
268            android:exported="false"
268-->[:geolocator_android] AndroidManifest.xml:11:13-37
269            android:foregroundServiceType="location" />
269-->[:geolocator_android] AndroidManifest.xml:12:13-53
270
271        <receiver
271-->[:flutter_local_notifications] AndroidManifest.xml:14:9-16:40
272            android:name="com.dexterous.flutterlocalnotifications.ScheduledNotificationReceiver"
272-->[:flutter_local_notifications] AndroidManifest.xml:15:13-97
273            android:exported="false" />
273-->[:flutter_local_notifications] AndroidManifest.xml:16:13-37
274        <receiver
274-->[:flutter_local_notifications] AndroidManifest.xml:17:9-26:20
275            android:name="com.dexterous.flutterlocalnotifications.ScheduledNotificationBootReceiver"
275-->[:flutter_local_notifications] AndroidManifest.xml:18:13-101
276            android:exported="false" >
276-->[:flutter_local_notifications] AndroidManifest.xml:19:13-37
277            <intent-filter>
277-->[:flutter_local_notifications] AndroidManifest.xml:20:13-25:29
278                <action android:name="android.intent.action.BOOT_COMPLETED" />
278-->[:flutter_local_notifications] AndroidManifest.xml:21:17-79
278-->[:flutter_local_notifications] AndroidManifest.xml:21:25-76
279                <action android:name="android.intent.action.MY_PACKAGE_REPLACED" />
279-->[:flutter_local_notifications] AndroidManifest.xml:22:17-84
279-->[:flutter_local_notifications] AndroidManifest.xml:22:25-81
280                <action android:name="android.intent.action.QUICKBOOT_POWERON" />
280-->[:flutter_local_notifications] AndroidManifest.xml:23:17-82
280-->[:flutter_local_notifications] AndroidManifest.xml:23:25-79
281                <action android:name="com.htc.intent.action.QUICKBOOT_POWERON" />
281-->[:flutter_local_notifications] AndroidManifest.xml:24:17-82
281-->[:flutter_local_notifications] AndroidManifest.xml:24:25-79
282            </intent-filter>
283        </receiver>
284
285        <activity
285-->[:flutter_inappwebview] AndroidManifest.xml:14:9-18:47
286            android:name="com.pichillilorenzo.flutter_inappwebview.in_app_browser.InAppBrowserActivity"
286-->[:flutter_inappwebview] AndroidManifest.xml:15:13-104
287            android:configChanges="orientation|keyboardHidden|keyboard|screenSize|locale|layoutDirection|fontScale|screenLayout|density"
287-->[:flutter_inappwebview] AndroidManifest.xml:16:13-137
288            android:exported="false"
288-->[:flutter_inappwebview] AndroidManifest.xml:17:13-37
289            android:theme="@style/AppTheme" />
289-->[:flutter_inappwebview] AndroidManifest.xml:18:13-44
290        <activity
290-->[:flutter_inappwebview] AndroidManifest.xml:19:9-22:55
291            android:name="com.pichillilorenzo.flutter_inappwebview.chrome_custom_tabs.ChromeCustomTabsActivity"
291-->[:flutter_inappwebview] AndroidManifest.xml:20:13-112
292            android:exported="false"
292-->[:flutter_inappwebview] AndroidManifest.xml:21:13-37
293            android:theme="@style/ThemeTransparent" />
293-->[:flutter_inappwebview] AndroidManifest.xml:22:13-52
294        <activity
294-->[:flutter_inappwebview] AndroidManifest.xml:23:9-26:55
295            android:name="com.pichillilorenzo.flutter_inappwebview.chrome_custom_tabs.TrustedWebActivity"
295-->[:flutter_inappwebview] AndroidManifest.xml:24:13-106
296            android:exported="false"
296-->[:flutter_inappwebview] AndroidManifest.xml:25:13-37
297            android:theme="@style/ThemeTransparent" />